<?xml version="1.0" encoding="UTF-8"?>
<testsuite xmlns:xsi="http://www.w3.org/2001/XMLSchema-instance" xsi:noNamespaceSchemaLocation="https://maven.apache.org/surefire/maven-surefire-plugin/xsd/surefire-test-report.xsd" version="3.0.2" name="weatherService.WeatherDataEntryTest" time="0.09" tests="17" errors="0" skipped="0" failures="0">
  <properties>
    <property name="awt.toolkit" value="sun.awt.X11.XToolkit"/>
    <property name="java.specification.version" value="11"/>
    <property name="sun.cpu.isalist" value=""/>
    <property name="sun.jnu.encoding" value="UTF-8"/>
    <property name="java.class.path" value="/home/maxking/git/Distributed/target/test-classes:/home/maxking/git/Distributed/target/classes:/home/maxking/.m2/repository/org/junit/jupiter/junit-jupiter/5.9.3/junit-jupiter-5.9.3.jar:/home/maxking/.m2/repository/org/junit/jupiter/junit-jupiter-api/5.9.3/junit-jupiter-api-5.9.3.jar:/home/maxking/.m2/repository/org/opentest4j/opentest4j/1.2.0/opentest4j-1.2.0.jar:/home/maxking/.m2/repository/org/junit/platform/junit-platform-commons/1.9.3/junit-platform-commons-1.9.3.jar:/home/maxking/.m2/repository/org/junit/jupiter/junit-jupiter-params/5.9.3/junit-jupiter-params-5.9.3.jar:/home/maxking/.m2/repository/org/junit/jupiter/junit-jupiter-engine/5.9.3/junit-jupiter-engine-5.9.3.jar:/home/maxking/.m2/repository/org/junit/platform/junit-platform-engine/1.9.3/junit-platform-engine-1.9.3.jar:/home/maxking/.m2/repository/org/apiguardian/apiguardian-api/1.1.2/apiguardian-api-1.1.2.jar:/home/maxking/.m2/repository/org/mockito/mockito-core/4.0.0/mockito-core-4.0.0.jar:/home/maxking/.m2/repository/net/bytebuddy/byte-buddy/1.11.19/byte-buddy-1.11.19.jar:/home/maxking/.m2/repository/net/bytebuddy/byte-buddy-agent/1.11.19/byte-buddy-agent-1.11.19.jar:/home/maxking/.m2/repository/org/objenesis/objenesis/3.2/objenesis-3.2.jar:/home/maxking/.m2/repository/org/json/json/20240303/json-20240303.jar:"/>
    <property name="java.vm.vendor" value="Ubuntu"/>
    <property name="sun.arch.data.model" value="64"/>
    <property name="java.vendor.url" value="https://ubuntu.com/"/>
    <property name="user.timezone" value=""/>
    <property name="java.vm.specification.version" value="11"/>
    <property name="os.name" value="Linux"/>
    <property name="sun.java.launcher" value="SUN_STANDARD"/>
    <property name="sun.boot.library.path" value="/usr/lib/jvm/java-11-openjdk-amd64/lib"/>
    <property name="sun.java.command" value="/home/maxking/git/Distributed/target/surefire/surefirebooter-20241005162048961_3.jar /home/maxking/git/Distributed/target/surefire 2024-10-05T16-20-48_834-jvmRun1 surefire-20241005162048961_1tmp surefire_0-20241005162048961_2tmp"/>
    <property name="jdk.debug" value="release"/>
    <property name="surefire.test.class.path" value="/home/maxking/git/Distributed/target/test-classes:/home/maxking/git/Distributed/target/classes:/home/maxking/.m2/repository/org/junit/jupiter/junit-jupiter/5.9.3/junit-jupiter-5.9.3.jar:/home/maxking/.m2/repository/org/junit/jupiter/junit-jupiter-api/5.9.3/junit-jupiter-api-5.9.3.jar:/home/maxking/.m2/repository/org/opentest4j/opentest4j/1.2.0/opentest4j-1.2.0.jar:/home/maxking/.m2/repository/org/junit/platform/junit-platform-commons/1.9.3/junit-platform-commons-1.9.3.jar:/home/maxking/.m2/repository/org/junit/jupiter/junit-jupiter-params/5.9.3/junit-jupiter-params-5.9.3.jar:/home/maxking/.m2/repository/org/junit/jupiter/junit-jupiter-engine/5.9.3/junit-jupiter-engine-5.9.3.jar:/home/maxking/.m2/repository/org/junit/platform/junit-platform-engine/1.9.3/junit-platform-engine-1.9.3.jar:/home/maxking/.m2/repository/org/apiguardian/apiguardian-api/1.1.2/apiguardian-api-1.1.2.jar:/home/maxking/.m2/repository/org/mockito/mockito-core/4.0.0/mockito-core-4.0.0.jar:/home/maxking/.m2/repository/net/bytebuddy/byte-buddy/1.11.19/byte-buddy-1.11.19.jar:/home/maxking/.m2/repository/net/bytebuddy/byte-buddy-agent/1.11.19/byte-buddy-agent-1.11.19.jar:/home/maxking/.m2/repository/org/objenesis/objenesis/3.2/objenesis-3.2.jar:/home/maxking/.m2/repository/org/json/json/20240303/json-20240303.jar:"/>
    <property name="sun.cpu.endian" value="little"/>
    <property name="user.home" value="/home/maxking"/>
    <property name="user.language" value="en"/>
    <property name="java.specification.vendor" value="Oracle Corporation"/>
    <property name="java.version.date" value="2024-07-16"/>
    <property name="java.home" value="/usr/lib/jvm/java-11-openjdk-amd64"/>
    <property name="file.separator" value="/"/>
    <property name="basedir" value="/home/maxking/git/Distributed"/>
    <property name="java.vm.compressedOopsMode" value="Zero based"/>
    <property name="line.separator" value="&#10;"/>
    <property name="java.specification.name" value="Java Platform API Specification"/>
    <property name="java.vm.specification.vendor" value="Oracle Corporation"/>
    <property name="java.awt.graphicsenv" value="sun.awt.X11GraphicsEnvironment"/>
    <property name="surefire.real.class.path" value="/home/maxking/git/Distributed/target/surefire/surefirebooter-20241005162048961_3.jar"/>
    <property name="sun.management.compiler" value="HotSpot 64-Bit Tiered Compilers"/>
    <property name="java.runtime.version" value="11.0.24+8-post-Ubuntu-1ubuntu320.04"/>
    <property name="user.name" value="maxking"/>
    <property name="path.separator" value=":"/>
    <property name="os.version" value="5.15.153.1-microsoft-standard-WSL2"/>
    <property name="java.runtime.name" value="OpenJDK Runtime Environment"/>
    <property name="file.encoding" value="UTF-8"/>
    <property name="java.vm.name" value="OpenJDK 64-Bit Server VM"/>
    <property name="localRepository" value="/home/maxking/.m2/repository"/>
    <property name="java.vendor.url.bug" value="https://bugs.launchpad.net/ubuntu/+source/openjdk-lts"/>
    <property name="java.io.tmpdir" value="/tmp"/>
    <property name="java.version" value="11.0.24"/>
    <property name="user.dir" value="/home/maxking/git/Distributed"/>
    <property name="os.arch" value="amd64"/>
    <property name="java.vm.specification.name" value="Java Virtual Machine Specification"/>
    <property name="java.awt.printerjob" value="sun.print.PSPrinterJob"/>
    <property name="sun.os.patch.level" value="unknown"/>
    <property name="java.library.path" value="/usr/java/packages/lib:/usr/lib/x86_64-linux-gnu/jni:/lib/x86_64-linux-gnu:/usr/lib/x86_64-linux-gnu:/usr/lib/jni:/lib:/usr/lib"/>
    <property name="java.vm.info" value="mixed mode, sharing"/>
    <property name="java.vendor" value="Ubuntu"/>
    <property name="java.vm.version" value="11.0.24+8-post-Ubuntu-1ubuntu320.04"/>
    <property name="java.specification.maintenance.version" value="2"/>
    <property name="sun.io.unicode.encoding" value="UnicodeLittle"/>
    <property name="java.class.version" value="55.0"/>
  </properties>
  <testcase name="setLocal_date_time" classname="weatherService.WeatherDataEntryTest" time="0.028"/>
  <testcase name="setWind_spd_kt" classname="weatherService.WeatherDataEntryTest" time="0.002"/>
  <testcase name="setLocal_date_time_full" classname="weatherService.WeatherDataEntryTest" time="0.002"/>
  <testcase name="setLat" classname="weatherService.WeatherDataEntryTest" time="0.002"/>
  <testcase name="setLon" classname="weatherService.WeatherDataEntryTest" time="0.001"/>
  <testcase name="setApparent_t" classname="weatherService.WeatherDataEntryTest" time="0.001"/>
  <testcase name="setRel_hum" classname="weatherService.WeatherDataEntryTest" time="0.002"/>
  <testcase name="setID" classname="weatherService.WeatherDataEntryTest" time="0.001"/>
  <testcase name="setWind_spd_kmh" classname="weatherService.WeatherDataEntryTest" time="0.001"/>
  <testcase name="setWind_dir" classname="weatherService.WeatherDataEntryTest" time="0.001"/>
  <testcase name="setAir_temp" classname="weatherService.WeatherDataEntryTest" time="0.0"/>
  <testcase name="setCloud" classname="weatherService.WeatherDataEntryTest" time="0.001"/>
  <testcase name="setDewpt" classname="weatherService.WeatherDataEntryTest" time="0.0"/>
  <testcase name="setPress" classname="weatherService.WeatherDataEntryTest" time="0.002"/>
  <testcase name="setState" classname="weatherService.WeatherDataEntryTest" time="0.001"/>
  <testcase name="setTime_zone" classname="weatherService.WeatherDataEntryTest" time="0.001"/>
  <testcase name="setName" classname="weatherService.WeatherDataEntryTest" time="0.001"/>
</testsuite>